[POST] https://events.split.io/api/testImpressions/beacon => [FAILED] net::ERR_ABORTED
[POST] https://events.split.io/api/testImpressions/count/beacon => [FAILED] net::ERR_ABORTED
[POST] https://analytics.tiktok.com/api/v2/pixel/inter => [FAILED] net::ERR_ABORTED
[POST] https://frontdoor-prod-eu-west-1-3.clickup.com/inbox/v3/workspaces/90152480629/notifications/bundles/search => [FAILED] net::ERR_ABORTED
[POST] https://analytics.tiktok.com/api/v2/pixel/inter => [FAILED] net::ERR_ABORTED
[GET] https://sdk.split.io/api/memberships/797
[GET] https://sdk.split.io/api/memberships/290462424
[GET] https://sdk.split.io/api/memberships/DUMMY_KEY
[GET] https://sdk.split.io/api/memberships/90152480629
[GET] https://sdk.split.io/api/splitChanges?s=1.3&since=1774039475808&rbSince=1752823868357&sets=frontend
[GET] https://streaming.split.io/sse?channels=NDI1OTAwNjUyNg%3D%3D_MTk4NjgzNzQx_control,NDI1OTAwNjUyNg%3D%3D_MTk4NjgzNzQx_memberships,NDI1OTAwNjUyNg%3D%3D_MTk4NjgzNzQx_rules,%5B%3Foccupancy%3Dmetrics.publishers%5Dcontrol_pri,%5B%3Foccupancy%3Dmetrics.publishers%5Dcontrol_sec&accessToken=eyJhbGciOiJIUzI1NiIsImtpZCI6IkRQVkE3QS44czhnaVEiLCJ0eXAiOiJKV1QifQ.eyJ4LWFibHktY2FwYWJpbGl0eSI6IntcIk5ESTFPVEF3TmpVeU5nPT1fTVRrNE5qZ3pOelF4X2NvbnRyb2xcIjpbXCJzdWJzY3JpYmVcIl0sXCJOREkxT1RBd05qVXlOZz09X01UazROamd6TnpReF9tZW1iZXJzaGlwc1wiOltcInN1YnNjcmliZVwiXSxcIk5ESTFPVEF3TmpVeU5nPT1fTVRrNE5qZ3pOelF4X3J1bGVzXCI6W1wic3Vic2NyaWJlXCJdLFwiY29udHJvbF9wcmlcIjpbXCJzdWJzY3JpYmVcIixcImNoYW5uZWwtbWV0YWRhdGE6cHVibGlzaGVyc1wiXSxcImNvbnRyb2xfc2VjXCI6W1wic3Vic2NyaWJlXCIsXCJjaGFubmVsLW1ldGFkYXRhOnB1Ymxpc2hlcnNcIl19IiwieC1hYmx5LWNsaWVudElkIjoiY2xpZW50SWQiLCJleHAiOjE3NzQxMTI3NDYsImlhdCI6MTc3NDEwOTE0Nn0.QJjN-3ks-gxZFbwc2nKPBfSY9B1b-PbJ_GbbtbQtWKo&v=1.1&heartbeats=true&SplitSDKVersion=browserjs-1.4.0&SplitSDKClientKey=bv9o => [200] 
[POST] https://events.split.io/api/testImpressions/count/beacon => [FAILED] net::ERR_ABORTED
[POST] https://frontdoor-prod-eu-west-1-3.clickup.com/inbox/v3/workspaces/90152480629/notifications/bundles/search => [FAILED] net::ERR_ABORTED
[POST] https://events.split.io/api/testImpressions/beacon => [FAILED] net::ERR_ABORTED
[GET] https://ipv4.pdscrb.com/ => [200] 
[GET] https://ipv4.pdscrb.com/ => [200] 
[GET] https://frontdoor-prod-eu-west-1-3.clickup.com/shard/v1/handshake/90152480629 => [200] 
[GET] https://sdk.split.io/api/memberships/90152480629 => [200] 
[GET] https://sdk.split.io/api/memberships/797 => [200] 
[GET] https://id.app.clickup.com/userWebhook/v1/ip => [200] 
[POST] https://id.app.clickup.com/auth/v1/refresh_token => [200] 
[GET] https://sdk.split.io/api/memberships/DUMMY_KEY => [200] 
[GET] https://sdk.split.io/api/splitChanges?s=1.3&since=1774039475808&rbSince=1752823868357&sets=frontend => [200] 
[GET] https://auth.split.io/api/v2/auth?s=1.3&users=797&users=90152480629&users=DUMMY_KEY => [200] 
[GET] https://sdk.split.io/api/memberships/797 => [200] 
[GET] https://sdk.split.io/api/memberships/90152480629 => [200] 
[POST] https://id.app.clickup.com/data/v3/workspaces/90152480629/authentication/access_tokens?trigger_source=prefetch-cache-init => [200] 
[POST] https://pal.p.clickup-attachments.com/set-cookie => [200] 
[GET] https://frontdoor-prod-eu-west-1-3.clickup.com/user/v1/user?include_teams=true&include_invited_by=true => [200] 
[GET] https://frontdoor-prod-eu-west-1-3.clickup.com/hierarchy/v1/project?include_archived=false&include_view_settings=true&team=90152480629 => [200] 
[GET] https://frontdoor-prod-eu-west-1-3.clickup.com/customFields/v1/team/90152480629/fields => [200] 
[GET] https://frontdoor-prod-eu-west-1-3.clickup.com/team/v1/team/90152480629?include_payment_methods=true&include_plan_info=false => [200] 
[GET] https://sdk.split.io/api/memberships/290462424 => [200] 
[GET] https://frontdoor-prod-eu-west-1-3.clickup.com/user/v1/sessionSettings/user => [200] 
[GET] https://auth.split.io/api/v2/auth?s=1.3&users=797&users=290462424&users=90152480629&users=DUMMY_KEY => [200] 
[GET] https://cdn.segment.com/v1/projects/plViNAfpbYhPPnw0NQgcdYWMJU0zLMqz/settings => [200] 
[GET] https://frontdoor-prod-eu-west-1-3.clickup.com/workspace-v3/experience/bootstrap/90152480629 => [200] 
[GET] https://frontdoor-prod-eu-west-1-3.clickup.com/plan/v2/team/90152480629/plan => [200] 
[GET] https://frontdoor-prod-eu-west-1-3.clickup.com/user/v1/team/90152480629/group => [200] 
[GET] https://frontdoor-prod-eu-west-1-3.clickup.com/tasks/v1/90152480629/customItems => [200] 
[GET] https://frontdoor-prod-eu-west-1-3.clickup.com/home/user/290462424/lineup?ids_only=true&team_id=90152480629&start_index=0 => [200] 
[POST] https://frontdoor-prod-eu-west-1-3.clickup.com/field/v3/experience/workspaces/90152480629/field/jobs/search => [201] 
[GET] https://frontdoor-prod-eu-west-1-3.clickup.com/hierarchy/v3/experience/sidebar/workspaces/90152480629/tree?archived=false&include_version_vector=false&compressed=true => [200] 
[GET] https://frontdoor-prod-eu-west-1-3.clickup.com/hierarchy/v3/experience/sidebar/workspaces/90152480629/views => [200] 
[GET] https://frontdoor-prod-eu-west-1-3.clickup.com/data/v3/workspaces/90152480629/emojis/suggested?limit=150&include_standard=true => [200] 
[GET] https://frontdoor-prod-eu-west-1-3.clickup.com/plan/v2/team/90152480629/pricing?include_payment_methods=true => [200] 
[GET] https://frontdoor-prod-eu-west-1-3.clickup.com/hierarchy/v3/experience/workspaces/90152480629?fields[]=location_statuses => [200] 
[GET] https://frontdoor-prod-eu-west-1-3.clickup.com/hierarchy/v3/experience/workspaces/90152480629?fields[]=core => [200] 
[GET] https://frontdoor-prod-eu-west-1-3.clickup.com/customFields/v2/team/90152480629/fields/taskStatuses => [200] 
[GET] https://frontdoor-prod-eu-west-1-3.clickup.com/hierarchy/v1/team/90152480629/personalListHierarchy => [200] 
[GET] https://frontdoor-prod-eu-west-1-3.clickup.com/hierarchy/v1/team/90152480629/projectFeatures => [200] 
[GET] https://frontdoor-prod-eu-west-1-3.clickup.com/hierarchy/v3/experience/sidebar/workspaces/90152480629/shared?include_archived=false => [200] 
[GET] https://frontdoor-prod-eu-west-1-3.clickup.com/v2/sd/team/90152480629/access-token => [200] 
[POST] https://api.segment.io/v1/i => [200] 
[POST] https://api.segment.io/v1/i => [200] 
[GET] https://frontdoor-prod-eu-west-1-3.clickup.com/entitlements/v1/team/90152480629/entitlements => [200] 
[POST] https://api.segment.io/v1/t => [200] 
[GET] https://frontdoor-prod-eu-west-1-3.clickup.com/automation/team/90152480629/agents?include=mentions,assignee,dm,schedules,agent_config,agent_user,triggers,error_count,positive_feedback_count,negative_feedback_count,cost,active_jobs_count,last_run_at,run_count => [200] 
[GET] https://frontdoor-prod-eu-west-1-3.clickup.com/automation/team/90152480629/agents/all => [200] 
[GET] https://frontdoor-prod-eu-west-1-3.clickup.com/viz/v1/view/2kyr3bvn-455?include_parent_info=true&include_mentions=false => [200] 
[POST] https://frontdoor-prod-eu-west-1-3.clickup.com/comment-service/v3/workspaces/90152480629/scheduled-comments/search => [201] 
[GET] https://frontdoor-prod-eu-west-1-3.clickup.com/user/v1/team/90152480629/user/online?simplified=true => [200] 
[GET] https://frontdoor-prod-eu-west-1-3.clickup.com/user/v1/team/90152480629/user/weights => [200] 
[GET] https://frontdoor-prod-eu-west-1-3.clickup.com/user/v1/team/90152480629/rolePermissionSettings => [200] 
[GET] https://frontdoor-prod-eu-west-1-3.clickup.com/workspace-v3/core/workspace/90152480629 => [200] 
[GET] https://frontdoor-prod-eu-west-1-3.clickup.com/v3-user/experience/90152480629/users?includeWorkspaceUserProfile=true => [200] 
[POST] https://frontdoor-prod-eu-west-1-3.clickup.com/comment-service/v3/workspaces/90152480629/comments/last_read_at/search_threads => [200] 
[GET] https://frontdoor-prod-eu-west-1-3.clickup.com/chat/v1/workspaces/90152480629/chat/rooms/delta/1774109151892?fields=version_vector => [200] 
[GET] https://frontdoor-prod-eu-west-1-3.clickup.com/comment-service/v3/workspaces/90152480629/comments/last_read_at/delta/0?types=8 => [200] 
[GET] https://frontdoor-prod-eu-west-1-3.clickup.com/data/v3/workspaces/90152480629/badging/badge_count?badge_type=chat_aggregate => [200] 
[GET] https://frontdoor-prod-eu-west-1-3.clickup.com/data/v3/workspaces/90152480629/user_sections/290462424/sections => [200] 
[GET] https://frontdoor-prod-eu-west-1-3.clickup.com/growth-v1/data/users/290462424/configurations/behavior/entries/data => [200] 
[GET] https://frontdoor-prod-eu-west-1-3.clickup.com/approvals-service/workspace/90152480629/approvals-count?allow_submitters=true => [200] 
[GET] https://frontdoor-prod-eu-west-1-3.clickup.com/data/v3/workspaces/90152480629/billing_usage/rules => [200] 
[GET] https://frontdoor-prod-eu-west-1-3.clickup.com/entitlements/v1/team/90152480629/entitlements/aggregated_auto_ai => [200] 
[GET] https://frontdoor-prod-eu-west-1-3.clickup.com/entitlements/v1/team/90152480629/entitlements/recurring_ai_meeting_bot => [200] 
[POST] https://frontdoor-prod-eu-west-1-3.clickup.com/v3-user/access/authz/90152480629/permissions/bulk => [200] 
[GET] https://frontdoor-prod-eu-west-1-3.clickup.com/comment-service/v3/workspaces/90152480629/comments/view/7-90152480629-8?fields=thread_comment_count&fields=thread_latest_comment_date&fields=thread_has_unread_comments&fields=thread_has_unread_mentions&fields=thread_user_ids&fields=thread_unread_comment_count&fields=thread_last_read_date&fields=thread_follower_ids&fields=thread_group_follower_member_ids&fields=thread_unfollower_ids => [200] 
[GET] https://frontdoor-prod-eu-west-1-3.clickup.com/templates/v1/team/90152480629/templateHistory => [200] 
[POST] https://search.clickup-eu.com/graphql?q=ProbeQuery => [200] 
[GET] https://frontdoor-prod-eu-west-1-3.clickup.com/entitlements/v1/team/90152480629/entitlements/bulk?e=automation_actions&e=custom_field_manual_ai_usages&e=custom_field_automated_ai_usages&e=automated_ai_agent_usages&e=custom_ai_agent_usages&e=super_agent_usages&e=siml&e=task_manual_ai_usages&e=task_automated_ai_usages&e=timl&e=paid_aggregated_auto_ai&e=aggregated_auto_ai&e=certified_agents&e=recurring_ai_meeting_bot&e=ai_meeting_bot&e=cards_automated_ai_usages&e=image_generation&e=vibeup_ai_usages => [200] 
[GET] https://frontdoor-prod-eu-west-1-3.clickup.com/hierarchy/v1/subcategory/901522308364?include_views=true&fresh_statuses=true&include_points=true&skip_hierarchy_members=true&include_preset_task_template=true&include_pinned_templates=true&v2=true => [200] 
[GET] https://frontdoor-prod-eu-west-1-3.clickup.com/task-v3/core/90152480629/tasks/properties?parentId=901522308364&parentType=6 => [200] 
[GET] https://frontdoor-prod-eu-west-1-3.clickup.com/user/v1/project/901510588783/memberHierarchy?include_children=true&v2=true => [FAILED] net::ERR_ABORTED
[GET] https://frontdoor-prod-eu-west-1-3.clickup.com/user/v1/project/901510588783/memberHierarchy?include_children=true&v2=true => [200] 
[GET] https://frontdoor-prod-eu-west-1-3.clickup.com/customFields/v2/field?subcategory_id=901522308364&hierarchy_fields=true&incl_below=false => [200] 
[POST] https://frontdoor-prod-eu-west-1-3.clickup.com/view/v1/genericView?fresh_req=false&available_rollups=true => [200] 
[POST] https://frontdoor-prod-eu-west-1-3.clickup.com/v3-user/access/authz/90152480629/permissions/bulk => [200] 
[GET] https://frontdoor-prod-eu-west-1-3.clickup.com/hierarchy/v1/subcategory/901522308364?include_preset_task_template=true&include_view_settings=true&v2=true => [200] 
[PUT] https://frontdoor-prod-eu-west-1-3.clickup.com/team/v1/team/90152480629 => [200] 
[GET] https://frontdoor-prod-eu-west-1-3.clickup.com/taskStatus/v1/timlStatus?subcategory=901522308364 => [200] 
[GET] https://frontdoor-prod-eu-west-1-3.clickup.com/user/v1/project/901510588783/memberHierarchy?include_children=true&v2=true => [FAILED] net::ERR_ABORTED
[GET] https://frontdoor-prod-eu-west-1-3.clickup.com/entitlements/v1/team/90152480629/entitlements/ai_usage => [200] 
[POST] https://api.segment.io/v1/g => [200] 
[POST] https://search.clickup-eu.com/graphql?q=TouchAssetUnifiedMutation => [200] 
[POST] https://search.clickup-eu.com/graphql?q=TouchAssetUnifiedMutation => [200] 
[POST] https://search.clickup-eu.com/graphql?q=TouchAssetUnifiedMutation => [200] 
[POST] https://frontdoor-prod-eu-west-1-3.clickup.com/comment-service/v3/workspaces/90152480629/comments/search?fields=thread_comment_count&fields=thread_latest_comment_date&fields=thread_has_unread_comments&fields=thread_has_unread_mentions&fields=thread_user_ids&fields=thread_unread_comment_count&fields=thread_last_read_date&fields=thread_follower_ids&fields=thread_group_follower_member_ids&fields=thread_unfollower_ids => [200] 
[GET] https://frontdoor-prod-eu-west-1-3.clickup.com/user/v1/team/90152480629/member => [200] 
[GET] https://frontdoor-prod-eu-west-1-3.clickup.com/hierarchy/v1/category/901515264823?include_archived=true&v2=true => [200] 
[GET] https://frontdoor-prod-eu-west-1-3.clickup.com/comment-service/v3/workspaces/90152480629/comments/view/6-901522308364-8?fields=thread_comment_count&fields=thread_latest_comment_date&fields=thread_has_unread_comments&fields=thread_has_unread_mentions&fields=thread_user_ids&fields=thread_unread_comment_count&fields=thread_last_read_date&fields=thread_follower_ids&fields=thread_group_follower_member_ids&fields=thread_unfollower_ids => [404] 
[GET] https://frontdoor-prod-eu-west-1-3.clickup.com/hierarchy/v1/project/901510588783/category?include_pinned_templates=true&compress_permissions=true => [200] 
[GET] https://frontdoor-prod-eu-west-1-3.clickup.com/user/v1/subcategory/901522308364/memberHierarchy?include_children=true&v2=true => [200] 
[GET] https://frontdoor-prod-eu-west-1-3.clickup.com/hierarchy/v1/category/901515264823?include_archived=false&v2=true => [200] 
[GET] https://frontdoor-prod-eu-west-1-3.clickup.com/entitlements/v1/team/90152480629/entitlements/plans => [200] 
[POST] https://frontdoor-prod-eu-west-1-3.clickup.com/task-v3/experience/90152480629/tasks/bulk => [200] 
[GET] https://frontdoor-prod-eu-west-1-3.clickup.com/templates/v1/subcategory/901522308364/presetTaskTemplate => [200] 
[GET] https://frontdoor-prod-eu-west-1-3.clickup.com/task-v3/core/90152480629/tasks/properties?parentId=901522308364&parentType=6 => [200] 
[GET] https://frontdoor-prod-eu-west-1-3.clickup.com/automation/team/90152480629/agents?include=mentions,assignee,dm,schedules,agent_config,agent_user,triggers,error_count,positive_feedback_count,negative_feedback_count,cost,active_jobs_count,last_run_at,run_count => [200] 
[GET] https://frontdoor-prod-eu-west-1-3.clickup.com/automation/team/90152480629/agents/all => [200] 
[POST] https://analytics.google.com/g/collect?v=2&tid=G-CMNNJGSJVV&gtm=45je63i0h1v892997032za200zb862822627zd862822627&_p=1774109411741&_gaz=1&gcs=G111&gcd=13t3t3t3t5l1&npa=0&dma=0&cid=1264666625.1774108946&ul=en-us&sr=1312x848&uaa=arm&uab=64&uafvl=Chromium%3B146.0.7680.153%7CNot-A.Brand%3B24.0.0.0%7CGoogle%2520Chrome%3B146.0.7680.153&uamb=0&uam=&uap=macOS&uapv=15.7.4&uaw=0&are=1&frm=0&pscdl=noapi&_eu=AEAEAGQ&_s=1&tag_exp=103116026~103200004~115616985~115938465~115938469~116024733~117484252&uid=290462424&dr=&sct=1&dl=https%3A%2F%2Fapp.clickup.com%2F90152480629%2Fv%2Fl%2F2kyr3bvn-455&sid=1774108945&seg=1&dt=List%20%7C%20Project%201%20%7C%20Sunday%27s%20Workspace%20(List)&en=scroll&epn.percent_scrolled=90&up.user_id=290462424&tfd=4487 => [204] 
[GET] https://frontdoor-prod-eu-west-1-3.clickup.com/chat/v1/workspaces/90152480629/chat/settings => [200] 
[GET] https://frontdoor-prod-eu-west-1-3.clickup.com/data/v3/workspaces/90152480629/clips/recent => [200] 
[GET] https://frontdoor-prod-eu-west-1-3.clickup.com/growth-v1/data/users/290462424/configurations/dynamic_ui/entries/agentsAutomationsBtn => [200] 
[GET] https://frontdoor-prod-eu-west-1-3.clickup.com/payment/v1/team/90152480629/guestInfo?skip_cache=false => [200] 
[GET] https://frontdoor-prod-eu-west-1-3.clickup.com/data/v3/workspaces/90152480629/workweek_schedules/reference/workspace/90152480629 => [200] 
[GET] https://frontdoor-prod-eu-west-1-3.clickup.com/data/v3/workspaces/90152480629/schedule_exceptions/reference/workspace/90152480629 => [200] 
[GET] https://frontdoor-prod-eu-west-1-3.clickup.com/home/user/290462424/lineup?ids_only=true&team_id=90152480629&start_index=0 => [200] 
[GET] https://frontdoor-prod-eu-west-1-3.clickup.com/notification/v2/team/90152480629/notificationSettings => [200] 
[GET] https://frontdoor-prod-eu-west-1-3.clickup.com/notification/v2/browserEnabledGlobally => [200] 
[GET] https://frontdoor-prod-eu-west-1-3.clickup.com/tasks/v1/tag?project_id=901510588783&paging_enabled=true => [200] 
[GET] https://frontdoor-prod-eu-west-1-3.clickup.com/user/v1/team/90152480629/profile/290462424?get_personal_priorities=false => [200] 
[GET] https://frontdoor-prod-eu-west-1-3.clickup.com/hierarchy/v1/team/90152480629/tray?task_fields=assignees&task_fields=assigned_comments_count&task_fields=assigned_checklist_items&task_fields=dependency_state&task_fields=parent_task&task_fields=attachments_count&task_fields=followers&task_fields=totalTimeSpent&task_fields=subtasks_count&task_fields=subtasks_by_status&task_fields=tags&task_fields=simple_statuses&task_fields=customFields&task_fields=rolledUpTimeSpent&task_fields=rolledUpTimeEstimate&task_fields=rolledUpPointsEstimate&task_fields=docs_count&task_fields=pullRequests&task_fields=incompleteCommentCount&task_fields=linkCount&task_fields=duration&task_fields=dependency_names&task_fields=customItems&task_fields=features&task_fields=status&task_fields=statuses&task_fields=content&task_fields=subtasks&task_fields=members&task_fields=position&task_fields=todoComments&task_fields=attachments&task_fields=hidden_attachments => [200] 
[GET] https://frontdoor-prod-eu-west-1-3.clickup.com/scheduling/v1/team/90152480629/time_entries/current => [200] 
[GET] https://frontdoor-prod-eu-west-1-3.clickup.com/user/v1/team/90152480629/customRoles => [200] 
[GET] https://frontdoor-prod-eu-west-1-3.clickup.com/hierarchy/v2/team/90152480629/favorite?include_subcategories=true&include_dashboards=true&include_all_hierarchy=true&include_pages=true => [200] 
[GET] https://frontdoor-prod-eu-west-1-3.clickup.com/growth-v1/data/workspaces/90152480629/configurations/card_free_trial/entries/hasBeenEnrolled => [200] 
[GET] https://frontdoor-prod-eu-west-1-3.clickup.com/plan/v1/team/90152480629/trialAvailability => [200] 
[POST] https://frontdoor-prod-eu-west-1-3.clickup.com/task-v3/experience/90152480629/tasks/bulk => [200] 
[POST] https://search.clickup-eu.com/graphql?q=AiToolsQuery => [200] 
[GET] https://frontdoor-prod-eu-west-1-3.clickup.com/automation/triggersUsage/90152480629 => [200] 
[POST] https://frontdoor-prod-eu-west-1-3.clickup.com/automation/filters/subcategory/901522308364/workflow => [FAILED] net::ERR_ABORTED
[GET] https://frontdoor-prod-eu-west-1-3.clickup.com/automation/team/90152480629/resource => [200] 
[GET] https://frontdoor-prod-eu-west-1-3.clickup.com/team/v1/team/90152480629/planChange => [200] 
[POST] https://frontdoor-prod-eu-west-1-3.clickup.com/automation/filters/subcategory/901522308364/workflow => [200] 
[POST] https://frontdoor-prod-eu-west-1-3.clickup.com/automation/filters/subcategory/901522308364/workflow => [FAILED] net::ERR_ABORTED
[GET] https://frontdoor-prod-eu-west-1-3.clickup.com/data/v3/workspaces/90152480629/billing_usage/rules => [200] 
[GET] https://frontdoor-prod-eu-west-1-3.clickup.com/entitlements/v1/team/90152480629/entitlements/aggregated_auto_ai => [200] 
[GET] https://frontdoor-prod-eu-west-1-3.clickup.com/entitlements/v1/team/90152480629/entitlements/scheduled_reports => [200] 
[GET] https://frontdoor-prod-eu-west-1-3.clickup.com/growth-v1/data/workspaces/90152480629/onboarding/stepsAndTarget => [200] 
[GET] https://frontdoor-prod-eu-west-1-3.clickup.com/entitlements/v1/team/90152480629/entitlements/recurring_ai_meeting_bot => [200] 
[GET] https://frontdoor-prod-eu-west-1-3.clickup.com/goals/v1/team/90152480629/goal?order_by=update&order_dir=desc&archived=true&completed=true&v2=true => [200] 
[GET] https://frontdoor-prod-eu-west-1-3.clickup.com/entitlements/v1/team/90152480629/entitlements/ai_usage => [200] 
[POST] https://api.segment.io/v1/t => [200] 
[POST] https://fast.chameleon.io/observe/v2/profiles/69bec1e2058a31005ea880f2 => [200] 
[POST] https://frontdoor-prod-eu-west-1-3.clickup.com/inbox/v3/workspaces/90152480629/notifications/bundles/stats/fetch => [200] 
[POST] https://api.segment.io/v1/t => [200] 
[POST] https://fast.chameleon.io/observe/v2/tours => [201] 
[POST] https://fast.chameleon.io/observe/v2/profiles/69bec1e2058a31005ea880f2 => [200] 
[POST] https://api.segment.io/v1/t => [200] 
[POST] https://api.segment.io/v1/t => [200] 
[POST] https://fast.chameleon.io/observe/v2/profiles/69bec1e2058a31005ea880f2 => [200] 
[POST] https://analytics.google.com/g/collect?v=2&tid=G-CMNNJGSJVV&gtm=45je63i0h1v892997032z8862822627za200zb862822627zd862822627&_p=1774109411741&gcs=G111&gcd=13t3t3t3t5l1&npa=0&dma=0&cid=1264666625.1774108946&ul=en-us&sr=1312x848&uaa=arm&uab=64&uafvl=Chromium%3B146.0.7680.153%7CNot-A.Brand%3B24.0.0.0%7CGoogle%2520Chrome%3B146.0.7680.153&uamb=0&uam=&uap=macOS&uapv=15.7.4&uaw=0&are=1&frm=0&pscdl=noapi&_eu=AAAAAGQ&_s=2&tag_exp=103116026~103200004~115616985~115938465~115938469~116024733~117484252&uid=290462424&dr=&sct=1&dl=https%3A%2F%2Fapp.clickup.com%2F90152480629%2Fv%2Fl%2F2kyr3bvn-455&sid=1774108945&seg=1&dt=List%20%7C%20Project%201%20%7C%20Sunday%27s%20Workspace%20(List)&en=page_view&_et=67&tfd=9558 => [204] 
[PUT] https://frontdoor-prod-eu-west-1-3.clickup.com/user/v1/user => [200] 
[PUT] https://frontdoor-prod-eu-west-1-3.clickup.com/user/v1/user => [200] 
[GET] https://frontdoor-prod-eu-west-1-3.clickup.com/automation/triggersUsage/90152480629 => [200] 
[GET] https://frontdoor-prod-eu-west-1-3.clickup.com/automation/team/90152480629/parentType/6/parentId/901522308364/suggestAutomations => [200] 
[POST] https://fast.chameleon.io/observe/v2/tours/69bec2eaa873ef004959cb26 => [200] 
[POST] https://api.segment.io/v1/t => [200] 
[POST] https://api.segment.io/v1/t => [200] 
[POST] https://search.clickup-eu.com/graphql?q=AIRequest => [200] 
[POST] https://fast.chameleon.io/observe/batches => [201] 
[POST] https://api.segment.io/v1/m => [200] 
[GET] https://frontdoor-prod-eu-west-1-3.clickup.com/user/v1/team/90152480629/profile/290462424?fields%5B%5D=task_activity&get_personal_priorities=true => [200] 
[GET] https://frontdoor-prod-eu-west-1-3.clickup.com/ai/v1/workspaces/90152480629/recentPrompts => [200] 
[POST] https://api.segment.io/v1/t => [200] 
[POST] https://api.segment.io/v1/t => [200] 
[POST] https://search.clickup-eu.com/graphql?q=AskAIQuery => [200] 
[POST] https://search.clickup-eu.com/graphql?q=getAssistantTools => [200] 
[POST] https://search.clickup-eu.com/graphql?q=GetAIFeedbackConfig => [200] 
[POST] https://search.clickup-eu.com/graphql?q=passThroughModels => [200] 
[POST] https://frontdoor-prod-eu-west-1-3.clickup.com/scheduling/v1/90152480629/viewMentions => [200] 
[POST] https://search.clickup-eu.com/graphql?q=AskAIQuery => [200] 
[POST] https://search.clickup-eu.com/graphql?q=AskAIQuery => [200] 
[POST] https://search.clickup-eu.com/graphql?q=AskAIQuery => [200] 
[POST] https://search.clickup-eu.com/graphql?q=AskAIQuery => [200] 